{
  "RSpec": {
    "coverage": {
      "/Users/dan.drinkard/Code/pers/blackjack/spec/support/init.rb": [
        null,
        1,
        1
      ],
      "/Users/dan.drinkard/Code/pers/blackjack/lib/blackjack.rb": [
        null,
        null,
        1,
        1,
        1,
        1,
        null,
        1,
        null
      ],
      "/Users/dan.drinkard/Code/pers/blackjack/lib/blackjack/card.rb": [
        null,
        null,
        1,
        1,
        1,
        1,
        null,
        1,
        1,
        null,
        1,
        1733,
        1733,
        null,
        null,
        1,
        5,
        null,
        null,
        1,
        134,
        72,
        null,
        null,
        1,
        28,
        null,
        null,
        1,
        6,
        null,
        null,
        1,
        0,
        null,
        null,
        null
      ],
      "/Users/dan.drinkard/Code/pers/blackjack/lib/blackjack/deck.rb": [
        null,
        null,
        1,
        1,
        null,
        1,
        1,
        1,
        null,
        1,
        1,
        1,
        null,
        1,
        32,
        128,
        1664,
        null,
        null,
        null,
        null,
        1,
        106,
        105,
        null,
        null,
        null
      ],
      "/Users/dan.drinkard/Code/pers/blackjack/lib/blackjack/game.rb": [
        null,
        null,
        1,
        1,
        null,
        1,
        1,
        1,
        null,
        1,
        1,
        null,
        1,
        0,
        0,
        0,
        0,
        null,
        null,
        1,
        0,
        0,
        0,
        null,
        null,
        1,
        0,
        null,
        null,
        1,
        0,
        0,
        0,
        0,
        null,
        0,
        0,
        null,
        0,
        null,
        null,
        1,
        0,
        0,
        0,
        0,
        0,
        0,
        null,
        0,
        null,
        null,
        null,
        1,
        0,
        null,
        null,
        1,
        null,
        1,
        0,
        null,
        null,
        1,
        0,
        0,
        0,
        0,
        0,
        null,
        null,
        1,
        0,
        0,
        0,
        0,
        0,
        null,
        null,
        null,
        1,
        0,
        0,
        0,
        0,
        0,
        null,
        0,
        0,
        null,
        null,
        1,
        0,
        0,
        0,
        null,
        null,
        1,
        0,
        0,
        null,
        0,
        null,
        null,
        null,
        null,
        null
      ],
      "/Users/dan.drinkard/Code/pers/blackjack/lib/blackjack/hand.rb": [
        null,
        null,
        1,
        1,
        1,
        1,
        null,
        1,
        1,
        1,
        null,
        1,
        25,
        25,
        25,
        25,
        50,
        null,
        null,
        null,
        1,
        88,
        132,
        null,
        88,
        61,
        null,
        88,
        null,
        null,
        1,
        0,
        0,
        0,
        0,
        0,
        0,
        null,
        0,
        null,
        null,
        null,
        1,
        52,
        null,
        null,
        1,
        1,
        null,
        null,
        1,
        74,
        null,
        null,
        1,
        6,
        6,
        null,
        null,
        1,
        10,
        null,
        null,
        1,
        9,
        null,
        null,
        1,
        4,
        1,
        3,
        1,
        2,
        1,
        null,
        1,
        null,
        null,
        null,
        1,
        0,
        null,
        null,
        1,
        null,
        1,
        220,
        null,
        null,
        null
      ],
      "/Users/dan.drinkard/Code/pers/blackjack/spec/lib/card_spec.rb": [
        null,
        null,
        1,
        null,
        1,
        6,
        4,
        5,
        null,
        1,
        1,
        2,
        2,
        null,
        null,
        null,
        null,
        1,
        2,
        null,
        null,
        1,
        1,
        2,
        null,
        null,
        1,
        2,
        2,
        null,
        null,
        null,
        1,
        1,
        1,
        1,
        null,
        null,
        null,
        1,
        2,
        null,
        null
      ],
      "/Users/dan.drinkard/Code/pers/blackjack/spec/lib/deck_spec.rb": [
        null,
        null,
        1,
        null,
        1,
        8,
        null,
        1,
        1,
        1,
        null,
        null,
        1,
        53,
        53,
        null,
        null,
        1,
        53,
        null,
        null,
        1,
        1,
        1,
        1,
        null,
        null,
        null,
        1,
        1,
        1,
        null,
        null,
        1,
        1,
        null,
        null,
        null,
        1,
        1,
        1,
        1,
        1,
        null,
        null,
        1,
        53,
        2,
        null,
        null,
        null
      ],
      "/Users/dan.drinkard/Code/pers/blackjack/spec/lib/hand_spec.rb": [
        null,
        1,
        null,
        1,
        26,
        1,
        7,
        null,
        null,
        1,
        4,
        null,
        null,
        1,
        5,
        null,
        null,
        null,
        19,
        26,
        null,
        1,
        1,
        1,
        null,
        null,
        1,
        1,
        null,
        null,
        1,
        1,
        null,
        null,
        null,
        1,
        1,
        22,
        null,
        null,
        1,
        1,
        1,
        null,
        null,
        1,
        6,
        1,
        1,
        null,
        null,
        null,
        1,
        2,
        2,
        null,
        null,
        null,
        1,
        1,
        1,
        null,
        1,
        1,
        1,
        1,
        null,
        null,
        1,
        2,
        1,
        1,
        1,
        1,
        null,
        null,
        null,
        null,
        1,
        1,
        1,
        1,
        null,
        null,
        null,
        1,
        1,
        2,
        null,
        null,
        1,
        2,
        2,
        null,
        null,
        1,
        2,
        2,
        null,
        null,
        null,
        1,
        1,
        2,
        null,
        null,
        1,
        2,
        2,
        null,
        null,
        1,
        2,
        2,
        null,
        null,
        1,
        2,
        2,
        null,
        null,
        null,
        1,
        1,
        2,
        null,
        null,
        1,
        2,
        2,
        null,
        null,
        null,
        1,
        1,
        2,
        null,
        null,
        1,
        7,
        2,
        null,
        null,
        1,
        2,
        2,
        null,
        null,
        null,
        1,
        1,
        1,
        1,
        null,
        null,
        null,
        1,
        2,
        2,
        null,
        null,
        1,
        2,
        2,
        null,
        null,
        1,
        2,
        2,
        null,
        null,
        null,
        null
      ]
    },
    "timestamp": 1468505675
  }
}
